2025-05-16 14:34:26,864 - INFO - Fetching Pastebin archive from https://pastebin.com/archive
2025-05-16 14:34:28,487 - INFO - Extracted 50 paste IDs
2025-05-16 14:34:28,489 - INFO - Starting to fetch content for 50 paste IDs
2025-05-16 14:34:28,489 - INFO - Processing batch of 5 paste IDs
2025-05-16 14:34:28,490 - INFO - Fetching paste n8Jhrg4i (attempt 1/3)
2025-05-16 14:34:28,493 - INFO - Fetching paste Jny6T9Hh (attempt 1/3)
2025-05-16 14:34:28,493 - INFO - Fetching paste fLZtdwtA (attempt 1/3)
2025-05-16 14:34:28,494 - INFO - Fetching paste UcVtsshQ (attempt 1/3)
2025-05-16 14:34:28,494 - INFO - Fetching paste TFECgYag (attempt 1/3)
2025-05-16 14:34:28,689 - INFO - Successfully fetched paste UcVtsshQ
2025-05-16 14:34:28,693 - INFO - Successfully fetched paste TFECgYag
2025-05-16 14:34:29,328 - INFO - Successfully fetched paste Jny6T9Hh
2025-05-16 14:34:29,329 - INFO - Successfully fetched paste fLZtdwtA
2025-05-16 14:34:29,700 - INFO - Successfully fetched paste n8Jhrg4i
2025-05-16 14:34:29,701 - INFO - Waiting 1.5 seconds before next batch
2025-05-16 14:34:31,213 - INFO - Processing batch of 5 paste IDs
2025-05-16 14:34:31,214 - INFO - Fetching paste PVw6LWpd (attempt 1/3)
2025-05-16 14:34:31,215 - INFO - Fetching paste EhSDfr92 (attempt 1/3)
2025-05-16 14:34:31,216 - INFO - Fetching paste 3X0MZWTB (attempt 1/3)
2025-05-16 14:34:31,216 - INFO - Fetching paste k6PYQCji (attempt 1/3)
2025-05-16 14:34:31,217 - INFO - Fetching paste XzfFkhkZ (attempt 1/3)
2025-05-16 14:34:31,273 - INFO - Successfully fetched paste XzfFkhkZ
2025-05-16 14:34:31,275 - INFO - Successfully fetched paste 3X0MZWTB
2025-05-16 14:34:31,276 - INFO - Successfully fetched paste k6PYQCji
2025-05-16 14:34:31,276 - INFO - Successfully fetched paste PVw6LWpd
2025-05-16 14:34:31,277 - INFO - Successfully fetched paste EhSDfr92
2025-05-16 14:34:31,278 - INFO - Waiting 1.5 seconds before next batch
2025-05-16 14:34:32,786 - INFO - Processing batch of 5 paste IDs
2025-05-16 14:34:32,787 - INFO - Fetching paste KYHVQ4C3 (attempt 1/3)
2025-05-16 14:34:32,788 - INFO - Fetching paste V4yKSeXe (attempt 1/3)
2025-05-16 14:34:32,789 - INFO - Fetching paste YXug5B23 (attempt 1/3)
2025-05-16 14:34:32,789 - INFO - Fetching paste z67DKxPf (attempt 1/3)
2025-05-16 14:34:32,790 - INFO - Fetching paste p4HEfhzy (attempt 1/3)
2025-05-16 14:34:32,837 - INFO - Successfully fetched paste V4yKSeXe
2025-05-16 14:34:32,841 - INFO - Successfully fetched paste YXug5B23
2025-05-16 14:34:32,842 - INFO - Successfully fetched paste KYHVQ4C3
2025-05-16 14:34:32,850 - INFO - Successfully fetched paste p4HEfhzy
2025-05-16 14:34:32,865 - INFO - Successfully fetched paste z67DKxPf
2025-05-16 14:34:32,866 - INFO - Waiting 1.5 seconds before next batch
2025-05-16 14:34:34,371 - INFO - Processing batch of 5 paste IDs
2025-05-16 14:34:34,372 - INFO - Fetching paste fHftRWZk (attempt 1/3)
2025-05-16 14:34:34,373 - INFO - Fetching paste 5ETHspZM (attempt 1/3)
2025-05-16 14:34:34,373 - INFO - Fetching paste 8UXgr8a3 (attempt 1/3)
2025-05-16 14:34:34,374 - INFO - Fetching paste wqEatCa3 (attempt 1/3)
2025-05-16 14:34:34,375 - INFO - Fetching paste fr4cdWdn (attempt 1/3)
2025-05-16 14:34:34,424 - INFO - Successfully fetched paste fHftRWZk
2025-05-16 14:34:34,425 - INFO - Successfully fetched paste 8UXgr8a3
2025-05-16 14:34:34,426 - INFO - Successfully fetched paste 5ETHspZM
2025-05-16 14:34:34,432 - INFO - Successfully fetched paste wqEatCa3
2025-05-16 14:34:34,432 - INFO - Successfully fetched paste fr4cdWdn
2025-05-16 14:34:34,433 - INFO - Waiting 1.5 seconds before next batch
2025-05-16 14:34:35,943 - INFO - Processing batch of 5 paste IDs
2025-05-16 14:34:35,943 - INFO - Fetching paste 4GTFMivC (attempt 1/3)
2025-05-16 14:34:35,944 - INFO - Fetching paste rUYWNycz (attempt 1/3)
2025-05-16 14:34:35,945 - INFO - Fetching paste j25H2jdC (attempt 1/3)
2025-05-16 14:34:35,946 - INFO - Fetching paste PAF7k2aP (attempt 1/3)
2025-05-16 14:34:35,946 - INFO - Fetching paste gvZgHQb7 (attempt 1/3)
2025-05-16 14:34:35,993 - INFO - Successfully fetched paste rUYWNycz
2025-05-16 14:34:35,994 - INFO - Successfully fetched paste 4GTFMivC
2025-05-16 14:34:35,998 - INFO - Successfully fetched paste j25H2jdC
2025-05-16 14:34:36,004 - INFO - Successfully fetched paste PAF7k2aP
2025-05-16 14:34:36,006 - INFO - Successfully fetched paste gvZgHQb7
2025-05-16 14:34:36,006 - INFO - Waiting 1.5 seconds before next batch
2025-05-16 14:34:37,516 - INFO - Processing batch of 5 paste IDs
2025-05-16 14:34:37,517 - INFO - Fetching paste qJrmTaFL (attempt 1/3)
2025-05-16 14:34:37,518 - INFO - Fetching paste CZtTfgby (attempt 1/3)
2025-05-16 14:34:37,520 - INFO - Fetching paste Zw0em82f (attempt 1/3)
2025-05-16 14:34:37,520 - INFO - Fetching paste 74pDqtMZ (attempt 1/3)
2025-05-16 14:34:37,521 - INFO - Fetching paste ry4YndGM (attempt 1/3)
2025-05-16 14:34:37,578 - INFO - Successfully fetched paste qJrmTaFL
2025-05-16 14:34:37,579 - INFO - Successfully fetched paste CZtTfgby
2025-05-16 14:34:37,580 - INFO - Successfully fetched paste Zw0em82f
2025-05-16 14:34:37,583 - INFO - Successfully fetched paste 74pDqtMZ
2025-05-16 14:34:37,859 - INFO - Successfully fetched paste ry4YndGM
2025-05-16 14:34:37,859 - INFO - Waiting 1.5 seconds before next batch
2025-05-16 14:34:39,375 - INFO - Processing batch of 5 paste IDs
2025-05-16 14:34:39,376 - INFO - Fetching paste BrhkTDns (attempt 1/3)
2025-05-16 14:34:39,377 - INFO - Fetching paste f9tYYHjr (attempt 1/3)
2025-05-16 14:34:39,378 - INFO - Fetching paste PxUx6V4g (attempt 1/3)
2025-05-16 14:34:39,379 - INFO - Fetching paste etihbnUm (attempt 1/3)
2025-05-16 14:34:39,379 - INFO - Fetching paste FuVmXrWF (attempt 1/3)
2025-05-16 14:34:39,718 - INFO - Successfully fetched paste etihbnUm
2025-05-16 14:34:39,721 - INFO - Successfully fetched paste FuVmXrWF
2025-05-16 14:34:39,854 - INFO - Successfully fetched paste f9tYYHjr
2025-05-16 14:34:40,061 - INFO - Successfully fetched paste PxUx6V4g
2025-05-16 14:34:40,273 - INFO - Successfully fetched paste BrhkTDns
2025-05-16 14:34:40,273 - INFO - Waiting 1.5 seconds before next batch
2025-05-16 14:34:41,776 - INFO - Processing batch of 5 paste IDs
2025-05-16 14:34:41,776 - INFO - Fetching paste sCh9aRgn (attempt 1/3)
2025-05-16 14:34:41,777 - INFO - Fetching paste nsvsyabN (attempt 1/3)
2025-05-16 14:34:41,778 - INFO - Fetching paste aLmTANcW (attempt 1/3)
2025-05-16 14:34:41,779 - INFO - Fetching paste vztexL8R (attempt 1/3)
2025-05-16 14:34:41,779 - INFO - Fetching paste TeqtzCRv (attempt 1/3)
2025-05-16 14:34:41,839 - INFO - Successfully fetched paste vztexL8R
2025-05-16 14:34:42,110 - INFO - Successfully fetched paste sCh9aRgn
2025-05-16 14:34:42,454 - INFO - Successfully fetched paste nsvsyabN
2025-05-16 14:34:42,455 - INFO - Successfully fetched paste TeqtzCRv
2025-05-16 14:34:42,468 - INFO - Successfully fetched paste aLmTANcW
2025-05-16 14:34:42,469 - INFO - Waiting 1.5 seconds before next batch
2025-05-16 14:34:43,984 - INFO - Processing batch of 5 paste IDs
2025-05-16 14:34:43,985 - INFO - Fetching paste qJLReKSe (attempt 1/3)
2025-05-16 14:34:43,986 - INFO - Fetching paste JQfpQmpV (attempt 1/3)
2025-05-16 14:34:43,987 - INFO - Fetching paste RgJ8DJmd (attempt 1/3)
2025-05-16 14:34:43,987 - INFO - Fetching paste jdi6hxhF (attempt 1/3)
2025-05-16 14:34:43,988 - INFO - Fetching paste BEKjT5uE (attempt 1/3)
2025-05-16 14:34:44,333 - INFO - Successfully fetched paste BEKjT5uE
2025-05-16 14:34:44,333 - INFO - Successfully fetched paste RgJ8DJmd
2025-05-16 14:34:44,334 - INFO - Successfully fetched paste JQfpQmpV
2025-05-16 14:34:44,739 - INFO - Successfully fetched paste qJLReKSe
2025-05-16 14:34:44,740 - INFO - Successfully fetched paste jdi6hxhF
2025-05-16 14:34:44,740 - INFO - Waiting 1.5 seconds before next batch
2025-05-16 14:34:46,249 - INFO - Processing batch of 5 paste IDs
2025-05-16 14:34:46,250 - INFO - Fetching paste ksWE7jhM (attempt 1/3)
2025-05-16 14:34:46,251 - INFO - Fetching paste xeBUiyb4 (attempt 1/3)
2025-05-16 14:34:46,252 - INFO - Fetching paste 8GXwVQCU (attempt 1/3)
2025-05-16 14:34:46,253 - INFO - Fetching paste f2ZhSVC2 (attempt 1/3)
2025-05-16 14:34:46,253 - INFO - Fetching paste JpckVMBV (attempt 1/3)
2025-05-16 14:34:46,690 - INFO - Successfully fetched paste ksWE7jhM
2025-05-16 14:34:46,691 - INFO - Successfully fetched paste f2ZhSVC2
2025-05-16 14:34:46,691 - INFO - Successfully fetched paste 8GXwVQCU
2025-05-16 14:34:46,963 - INFO - Successfully fetched paste JpckVMBV
2025-05-16 14:34:47,061 - INFO - Successfully fetched paste xeBUiyb4
2025-05-16 14:34:47,062 - INFO - Completed fetching 50 paste IDs
2025-05-16 14:34:47,063 - INFO - Detecting keywords in paste n8Jhrg4i
2025-05-16 14:34:47,064 - INFO - No keywords found in paste n8Jhrg4i
2025-05-16 14:34:47,064 - INFO - No keywords for paste n8Jhrg4i, skipping storage
2025-05-16 14:34:47,065 - INFO - Detecting keywords in paste Jny6T9Hh
2025-05-16 14:34:47,065 - INFO - No keywords found in paste Jny6T9Hh
2025-05-16 14:34:47,066 - INFO - No keywords for paste Jny6T9Hh, skipping storage
2025-05-16 14:34:47,066 - INFO - Detecting keywords in paste fLZtdwtA
2025-05-16 14:34:47,066 - INFO - No keywords found in paste fLZtdwtA
2025-05-16 14:34:47,067 - INFO - No keywords for paste fLZtdwtA, skipping storage
2025-05-16 14:34:47,068 - INFO - Detecting keywords in paste UcVtsshQ
2025-05-16 14:34:47,068 - INFO - Found keyword 't.me' in paste UcVtsshQ
2025-05-16 14:34:47,069 - INFO - Saved paste UcVtsshQ with keywords ['t.me'] to keyword_matches.jsonl
2025-05-16 14:34:47,072 - INFO - Detecting keywords in paste TFECgYag
2025-05-16 14:34:47,073 - INFO - No keywords found in paste TFECgYag
2025-05-16 14:34:47,073 - INFO - No keywords for paste TFECgYag, skipping storage
2025-05-16 14:34:47,074 - INFO - Detecting keywords in paste PVw6LWpd
2025-05-16 14:34:47,074 - INFO - Found keyword 't.me' in paste PVw6LWpd
2025-05-16 14:34:47,075 - INFO - Saved paste PVw6LWpd with keywords ['t.me'] to keyword_matches.jsonl
2025-05-16 14:34:47,077 - INFO - Detecting keywords in paste EhSDfr92
2025-05-16 14:34:47,078 - INFO - Found keyword 't.me' in paste EhSDfr92
2025-05-16 14:34:47,079 - INFO - Saved paste EhSDfr92 with keywords ['t.me'] to keyword_matches.jsonl
2025-05-16 14:34:47,080 - INFO - Detecting keywords in paste 3X0MZWTB
2025-05-16 14:34:47,081 - INFO - No keywords found in paste 3X0MZWTB
2025-05-16 14:34:47,081 - INFO - No keywords for paste 3X0MZWTB, skipping storage
2025-05-16 14:34:47,082 - INFO - Detecting keywords in paste k6PYQCji
2025-05-16 14:34:47,082 - INFO - Found keyword 't.me' in paste k6PYQCji
2025-05-16 14:34:47,083 - INFO - Saved paste k6PYQCji with keywords ['t.me'] to keyword_matches.jsonl
2025-05-16 14:34:47,083 - INFO - Detecting keywords in paste XzfFkhkZ
2025-05-16 14:34:47,083 - INFO - Found keyword 't.me' in paste XzfFkhkZ
2025-05-16 14:34:47,084 - INFO - Saved paste XzfFkhkZ with keywords ['t.me'] to keyword_matches.jsonl
2025-05-16 14:34:47,085 - INFO - Detecting keywords in paste KYHVQ4C3
2025-05-16 14:34:47,085 - INFO - Found keyword 't.me' in paste KYHVQ4C3
2025-05-16 14:34:47,086 - INFO - Saved paste KYHVQ4C3 with keywords ['t.me'] to keyword_matches.jsonl
2025-05-16 14:34:47,087 - INFO - Detecting keywords in paste V4yKSeXe
2025-05-16 14:34:47,087 - INFO - Found keyword 't.me' in paste V4yKSeXe
2025-05-16 14:34:47,088 - INFO - Saved paste V4yKSeXe with keywords ['t.me'] to keyword_matches.jsonl
2025-05-16 14:34:47,088 - INFO - Detecting keywords in paste YXug5B23
2025-05-16 14:34:47,089 - INFO - Found keyword 't.me' in paste YXug5B23
2025-05-16 14:34:47,090 - INFO - Saved paste YXug5B23 with keywords ['t.me'] to keyword_matches.jsonl
2025-05-16 14:34:47,090 - INFO - Detecting keywords in paste z67DKxPf
2025-05-16 14:34:47,091 - INFO - No keywords found in paste z67DKxPf
2025-05-16 14:34:47,091 - INFO - No keywords for paste z67DKxPf, skipping storage
2025-05-16 14:34:47,092 - INFO - Detecting keywords in paste p4HEfhzy
2025-05-16 14:34:47,092 - INFO - Found keyword 't.me' in paste p4HEfhzy
2025-05-16 14:34:47,093 - INFO - Saved paste p4HEfhzy with keywords ['t.me'] to keyword_matches.jsonl
2025-05-16 14:34:47,094 - INFO - Detecting keywords in paste fHftRWZk
2025-05-16 14:34:47,094 - INFO - No keywords found in paste fHftRWZk
2025-05-16 14:34:47,094 - INFO - No keywords for paste fHftRWZk, skipping storage
2025-05-16 14:34:47,094 - INFO - Detecting keywords in paste 5ETHspZM
2025-05-16 14:34:47,095 - INFO - No keywords found in paste 5ETHspZM
2025-05-16 14:34:47,095 - INFO - No keywords for paste 5ETHspZM, skipping storage
2025-05-16 14:34:47,095 - INFO - Detecting keywords in paste 8UXgr8a3
2025-05-16 14:34:47,096 - INFO - No keywords found in paste 8UXgr8a3
2025-05-16 14:34:47,096 - INFO - No keywords for paste 8UXgr8a3, skipping storage
2025-05-16 14:34:47,096 - INFO - Detecting keywords in paste wqEatCa3
2025-05-16 14:34:47,096 - INFO - No keywords found in paste wqEatCa3
2025-05-16 14:34:47,097 - INFO - No keywords for paste wqEatCa3, skipping storage
2025-05-16 14:34:47,097 - INFO - Detecting keywords in paste fr4cdWdn
2025-05-16 14:34:47,097 - INFO - No keywords found in paste fr4cdWdn
2025-05-16 14:34:47,097 - INFO - No keywords for paste fr4cdWdn, skipping storage
2025-05-16 14:34:47,098 - INFO - Detecting keywords in paste 4GTFMivC
2025-05-16 14:34:47,098 - INFO - No keywords found in paste 4GTFMivC
2025-05-16 14:34:47,098 - INFO - No keywords for paste 4GTFMivC, skipping storage
2025-05-16 14:34:47,098 - INFO - Detecting keywords in paste rUYWNycz
2025-05-16 14:34:47,099 - INFO - No keywords found in paste rUYWNycz
2025-05-16 14:34:47,099 - INFO - No keywords for paste rUYWNycz, skipping storage
2025-05-16 14:34:47,099 - INFO - Detecting keywords in paste j25H2jdC
2025-05-16 14:34:47,100 - INFO - No keywords found in paste j25H2jdC
2025-05-16 14:34:47,100 - INFO - No keywords for paste j25H2jdC, skipping storage
2025-05-16 14:34:47,100 - INFO - Detecting keywords in paste PAF7k2aP
2025-05-16 14:34:47,100 - INFO - No keywords found in paste PAF7k2aP
2025-05-16 14:34:47,101 - INFO - No keywords for paste PAF7k2aP, skipping storage
2025-05-16 14:34:47,101 - INFO - Detecting keywords in paste gvZgHQb7
2025-05-16 14:34:47,101 - INFO - No keywords found in paste gvZgHQb7
2025-05-16 14:34:47,102 - INFO - No keywords for paste gvZgHQb7, skipping storage
2025-05-16 14:34:47,102 - INFO - Detecting keywords in paste qJrmTaFL
2025-05-16 14:34:47,102 - INFO - No keywords found in paste qJrmTaFL
2025-05-16 14:34:47,103 - INFO - No keywords for paste qJrmTaFL, skipping storage
2025-05-16 14:34:47,103 - INFO - Detecting keywords in paste CZtTfgby
2025-05-16 14:34:47,103 - INFO - Found keyword 't.me' in paste CZtTfgby
2025-05-16 14:34:47,105 - INFO - Saved paste CZtTfgby with keywords ['t.me'] to keyword_matches.jsonl
2025-05-16 14:34:47,105 - INFO - Detecting keywords in paste Zw0em82f
2025-05-16 14:34:47,106 - INFO - No keywords found in paste Zw0em82f
2025-05-16 14:34:47,106 - INFO - No keywords for paste Zw0em82f, skipping storage
2025-05-16 14:34:47,106 - INFO - Detecting keywords in paste 74pDqtMZ
2025-05-16 14:34:47,107 - INFO - No keywords found in paste 74pDqtMZ
2025-05-16 14:34:47,108 - INFO - No keywords for paste 74pDqtMZ, skipping storage
2025-05-16 14:34:47,108 - INFO - Detecting keywords in paste ry4YndGM
2025-05-16 14:34:47,108 - INFO - No keywords found in paste ry4YndGM
2025-05-16 14:34:47,109 - INFO - No keywords for paste ry4YndGM, skipping storage
2025-05-16 14:34:47,109 - INFO - Detecting keywords in paste BrhkTDns
2025-05-16 14:34:47,110 - INFO - No keywords found in paste BrhkTDns
2025-05-16 14:34:47,110 - INFO - No keywords for paste BrhkTDns, skipping storage
2025-05-16 14:34:47,110 - INFO - Detecting keywords in paste f9tYYHjr
2025-05-16 14:34:47,111 - INFO - No keywords found in paste f9tYYHjr
2025-05-16 14:34:47,111 - INFO - No keywords for paste f9tYYHjr, skipping storage
2025-05-16 14:34:47,112 - INFO - Detecting keywords in paste PxUx6V4g
2025-05-16 14:34:47,112 - INFO - No keywords found in paste PxUx6V4g
2025-05-16 14:34:47,112 - INFO - No keywords for paste PxUx6V4g, skipping storage
2025-05-16 14:34:47,113 - INFO - Detecting keywords in paste etihbnUm
2025-05-16 14:34:47,113 - INFO - No keywords found in paste etihbnUm
2025-05-16 14:34:47,114 - INFO - No keywords for paste etihbnUm, skipping storage
2025-05-16 14:34:47,114 - INFO - Detecting keywords in paste FuVmXrWF
2025-05-16 14:34:47,115 - INFO - No keywords found in paste FuVmXrWF
2025-05-16 14:34:47,115 - INFO - No keywords for paste FuVmXrWF, skipping storage
2025-05-16 14:34:47,115 - INFO - Detecting keywords in paste sCh9aRgn
2025-05-16 14:34:47,116 - INFO - No keywords found in paste sCh9aRgn
2025-05-16 14:34:47,116 - INFO - No keywords for paste sCh9aRgn, skipping storage
2025-05-16 14:34:47,116 - INFO - Detecting keywords in paste nsvsyabN
2025-05-16 14:34:47,116 - INFO - No keywords found in paste nsvsyabN
2025-05-16 14:34:47,117 - INFO - No keywords for paste nsvsyabN, skipping storage
2025-05-16 14:34:47,117 - INFO - Detecting keywords in paste aLmTANcW
2025-05-16 14:34:47,118 - INFO - No keywords found in paste aLmTANcW
2025-05-16 14:34:47,118 - INFO - No keywords for paste aLmTANcW, skipping storage
2025-05-16 14:34:47,118 - INFO - Detecting keywords in paste vztexL8R
2025-05-16 14:34:47,119 - INFO - No keywords found in paste vztexL8R
2025-05-16 14:34:47,119 - INFO - No keywords for paste vztexL8R, skipping storage
2025-05-16 14:34:47,119 - INFO - Detecting keywords in paste TeqtzCRv
2025-05-16 14:34:47,119 - INFO - No keywords found in paste TeqtzCRv
2025-05-16 14:34:47,120 - INFO - No keywords for paste TeqtzCRv, skipping storage
2025-05-16 14:34:47,120 - INFO - Detecting keywords in paste qJLReKSe
2025-05-16 14:34:47,120 - INFO - No keywords found in paste qJLReKSe
2025-05-16 14:34:47,120 - INFO - No keywords for paste qJLReKSe, skipping storage
2025-05-16 14:34:47,121 - INFO - Detecting keywords in paste JQfpQmpV
2025-05-16 14:34:47,121 - INFO - No keywords found in paste JQfpQmpV
2025-05-16 14:34:47,121 - INFO - No keywords for paste JQfpQmpV, skipping storage
2025-05-16 14:34:47,121 - INFO - Detecting keywords in paste RgJ8DJmd
2025-05-16 14:34:47,122 - INFO - No keywords found in paste RgJ8DJmd
2025-05-16 14:34:47,122 - INFO - No keywords for paste RgJ8DJmd, skipping storage
2025-05-16 14:34:47,123 - INFO - Detecting keywords in paste jdi6hxhF
2025-05-16 14:34:47,123 - INFO - No keywords found in paste jdi6hxhF
2025-05-16 14:34:47,123 - INFO - No keywords for paste jdi6hxhF, skipping storage
2025-05-16 14:34:47,124 - INFO - Detecting keywords in paste BEKjT5uE
2025-05-16 14:34:47,124 - INFO - No keywords found in paste BEKjT5uE
2025-05-16 14:34:47,124 - INFO - No keywords for paste BEKjT5uE, skipping storage
2025-05-16 14:34:47,125 - INFO - Detecting keywords in paste ksWE7jhM
2025-05-16 14:34:47,125 - INFO - No keywords found in paste ksWE7jhM
2025-05-16 14:34:47,125 - INFO - No keywords for paste ksWE7jhM, skipping storage
2025-05-16 14:34:47,126 - INFO - Detecting keywords in paste xeBUiyb4
2025-05-16 14:34:47,126 - INFO - No keywords found in paste xeBUiyb4
2025-05-16 14:34:47,127 - INFO - No keywords for paste xeBUiyb4, skipping storage
2025-05-16 14:34:47,128 - INFO - Detecting keywords in paste 8GXwVQCU
2025-05-16 14:34:47,128 - INFO - No keywords found in paste 8GXwVQCU
2025-05-16 14:34:47,128 - INFO - No keywords for paste 8GXwVQCU, skipping storage
2025-05-16 14:34:47,129 - INFO - Detecting keywords in paste f2ZhSVC2
2025-05-16 14:34:47,129 - INFO - No keywords found in paste f2ZhSVC2
2025-05-16 14:34:47,129 - INFO - No keywords for paste f2ZhSVC2, skipping storage
2025-05-16 14:34:47,129 - INFO - Detecting keywords in paste JpckVMBV
2025-05-16 14:34:47,130 - INFO - No keywords found in paste JpckVMBV
2025-05-16 14:34:47,130 - INFO - No keywords for paste JpckVMBV, skipping storage
